<html>
<head>
<title>TestNG:  Default test</title>
<link href="../testng.css" rel="stylesheet" type="text/css" />
<link href="../my-testng.css" rel="stylesheet" type="text/css" />

<style type="text/css">
.log { display: none;} 
.stack-trace { display: none;} 
</style>
<script type="text/javascript">
<!--
function flip(e) {
  current = e.style.display;
  if (current == 'block') {
    e.style.display = 'none';
    return 0;
  }
  else {
    e.style.display = 'block';
    return 1;
  }
}

function toggleBox(szDivId, elem, msg1, msg2)
{
  var res = -1;  if (document.getElementById) {
    res = flip(document.getElementById(szDivId));
  }
  else if (document.all) {
    // this is the way old msie versions work
    res = flip(document.all[szDivId]);
  }
  if(elem) {
    if(res == 0) elem.innerHTML = msg1; else elem.innerHTML = msg2;
  }

}

function toggleAllBoxes() {
  if (document.getElementsByTagName) {
    d = document.getElementsByTagName('div');
    for (i = 0; i < d.length; i++) {
      if (d[i].className == 'log') {
        flip(d[i]);
      }
    }
  }
}

// -->
</script>

</head>
<body>
<h2 align='center'>Default test</h2><table border='1' align="center">
<tr>
<td>Tests passed/Failed/Skipped:</td><td>0/3/0</td>
</tr><tr>
<td>Started on:</td><td>Thu Mar 21 22:13:24 EET 2024</td>
</tr>
<tr><td>Total time:</td><td>25 seconds (25377 ms)</td>
</tr><tr>
<td>Included groups:</td><td></td>
</tr><tr>
<td>Excluded groups:</td><td></td>
</tr>
</table><p/>
<small><i>(Hover the method name to see the test class name)</i></small><p/>
<table width='100%' border='1' class='invocation-failed'>
<tr><td colspan='4' align='center'><b>FAILED TESTS</b></td></tr>
<tr><td><b>Test method</b></td>
<td width="30%"><b>Exception</b></td>
<td width="10%"><b>Time (seconds)</b></td>
<td><b>Instance</b></td>
</tr>
<tr>
<td title='Runner.runner.runScenario()'><b>runScenario</b><br>Test class: Runner.runner<br>Test method: Runs Cucumber Scenarios<br>Parameters: "Login with invalid credentials.", "login functioanlity."</td>
<td><div><pre>java.lang.NullPointerException: Cannot invoke &quot;org.openqa.selenium.WebElement.sendKeys(java.lang.CharSequence[])&quot; because &quot;this.userName&quot; is null
	at Pages.HomePage.Enter_username(HomePage.java:33)
	at steps.loginSteps.enter_invalid_username(loginSteps.java:30)
	at ✽.enter invalid username &quot;standard_user&quot;(file:///C:/Users/mhakim/Desktop/study/cucumber/src/test/resources/Feature/login.feature:7)
</pre></div><a href='#' onClick='toggleBox("stack-trace668152723", this, "Click to show all stack frames", "Click to hide stack frames")'>Click to show all stack frames</a>
<div class='stack-trace' id='stack-trace668152723'><pre>java.lang.NullPointerException: Cannot invoke &quot;org.openqa.selenium.WebElement.sendKeys(java.lang.CharSequence[])&quot; because &quot;this.userName&quot; is null
	at Pages.HomePage.Enter_username(HomePage.java:33)
	at steps.loginSteps.enter_invalid_username(loginSteps.java:30)
	at ✽.enter invalid username &quot;standard_user&quot;(file:///C:/Users/mhakim/Desktop/study/cucumber/src/test/resources/Feature/login.feature:7)
</pre></div></td>
<td>24</td>
<td>Runner.runner@72e5a8e</td></tr>
<tr>
<td title='Runner.runner.runScenario()'><b>runScenario</b><br>Test class: Runner.runner<br>Test method: Runs Cucumber Scenarios<br>Parameters: "Check that buy product functionality working as expected.", "Buy Product."</td>
<td><div><pre>java.lang.NullPointerException: Cannot invoke &quot;org.openqa.selenium.WebDriver.findElement(org.openqa.selenium.By)&quot; because &quot;steps.Buy_ProductSteps.driver&quot; is null
	at steps.Buy_ProductSteps.user_add_the_most_expensive_two_products_to_your_cart(Buy_ProductSteps.java:21)
	at ✽.user Add the most expensive two products to your cart(file:///C:/Users/mhakim/Desktop/study/cucumber/src/test/resources/Feature/BuyProduct.feature:4)
</pre></div><a href='#' onClick='toggleBox("stack-trace192456457", this, "Click to show all stack frames", "Click to hide stack frames")'>Click to show all stack frames</a>
<div class='stack-trace' id='stack-trace192456457'><pre>java.lang.NullPointerException: Cannot invoke &quot;org.openqa.selenium.WebDriver.findElement(org.openqa.selenium.By)&quot; because &quot;steps.Buy_ProductSteps.driver&quot; is null
	at steps.Buy_ProductSteps.user_add_the_most_expensive_two_products_to_your_cart(Buy_ProductSteps.java:21)
	at ✽.user Add the most expensive two products to your cart(file:///C:/Users/mhakim/Desktop/study/cucumber/src/test/resources/Feature/BuyProduct.feature:4)
</pre></div></td>
<td>0</td>
<td>Runner.runner@72e5a8e</td></tr>
<tr>
<td title='Runner.runner.runScenario()'><b>runScenario</b><br>Test class: Runner.runner<br>Test method: Runs Cucumber Scenarios<br>Parameters: "Login with valid Credentials.", "login functioanlity."</td>
<td><div><pre>java.lang.NullPointerException: Cannot invoke &quot;org.openqa.selenium.WebElement.sendKeys(java.lang.CharSequence[])&quot; because &quot;this.userName&quot; is null
	at Pages.HomePage.Enter_username(HomePage.java:33)
	at steps.loginSteps.user_enter_valid_username(loginSteps.java:51)
	at ✽.user enter valid username &quot;standard_user&quot;(file:///C:/Users/mhakim/Desktop/study/cucumber/src/test/resources/Feature/login.feature:17)
</pre></div><a href='#' onClick='toggleBox("stack-trace392795843", this, "Click to show all stack frames", "Click to hide stack frames")'>Click to show all stack frames</a>
<div class='stack-trace' id='stack-trace392795843'><pre>java.lang.NullPointerException: Cannot invoke &quot;org.openqa.selenium.WebElement.sendKeys(java.lang.CharSequence[])&quot; because &quot;this.userName&quot; is null
	at Pages.HomePage.Enter_username(HomePage.java:33)
	at steps.loginSteps.user_enter_valid_username(loginSteps.java:51)
	at ✽.user enter valid username &quot;standard_user&quot;(file:///C:/Users/mhakim/Desktop/study/cucumber/src/test/resources/Feature/login.feature:17)
</pre></div></td>
<td>0</td>
<td>Runner.runner@72e5a8e</td></tr>
</table><p>
</body>
</html>