<?xml version="1.0" encoding="UTF-8"?>
<!-- Generated by org.testng.reporters.JUnitXMLReporter -->
<testsuite ignored="0" hostname="mhakim" failures="3" tests="3" name="Default test" time="25.377" errors="0" timestamp="2024-03-21T22:13:49 EET">
  <testcase classname="io.cucumber.testng.AbstractTestNGCucumberTests" name="runScenario" time="0.179">
    <failure type="java.lang.NullPointerException" message="Cannot invoke &amp;quot;org.openqa.selenium.WebDriver.findElement(org.openqa.selenium.By)&amp;quot; because &amp;quot;steps.Buy_ProductSteps.driver&amp;quot; is null">
      <![CDATA[java.lang.NullPointerException: Cannot invoke "org.openqa.selenium.WebDriver.findElement(org.openqa.selenium.By)" because "steps.Buy_ProductSteps.driver" is null
at steps.Buy_ProductSteps.user_add_the_most_expensive_two_products_to_your_cart(Buy_ProductSteps.java:21)
at ✽.user Add the most expensive two products to your cart(file:///C:/Users/mhakim/Desktop/study/cucumber/src/test/resources/Feature/BuyProduct.feature:4)
]]>
    </failure>
  </testcase> <!-- runScenario -->
  <testcase classname="io.cucumber.testng.AbstractTestNGCucumberTests" name="runScenario" time="24.703">
    <failure type="java.lang.NullPointerException" message="Cannot invoke &amp;quot;org.openqa.selenium.WebElement.sendKeys(java.lang.CharSequence[])&amp;quot; because &amp;quot;this.userName&amp;quot; is null">
      <![CDATA[java.lang.NullPointerException: Cannot invoke "org.openqa.selenium.WebElement.sendKeys(java.lang.CharSequence[])" because "this.userName" is null
at Pages.HomePage.Enter_username(HomePage.java:33)
at steps.loginSteps.enter_invalid_username(loginSteps.java:30)
at ✽.enter invalid username "standard_user"(file:///C:/Users/mhakim/Desktop/study/cucumber/src/test/resources/Feature/login.feature:7)
]]>
    </failure>
  </testcase> <!-- runScenario -->
  <testcase classname="io.cucumber.testng.AbstractTestNGCucumberTests" name="runScenario" time="0.094">
    <failure type="java.lang.NullPointerException" message="Cannot invoke &amp;quot;org.openqa.selenium.WebElement.sendKeys(java.lang.CharSequence[])&amp;quot; because &amp;quot;this.userName&amp;quot; is null">
      <![CDATA[java.lang.NullPointerException: Cannot invoke "org.openqa.selenium.WebElement.sendKeys(java.lang.CharSequence[])" because "this.userName" is null
at Pages.HomePage.Enter_username(HomePage.java:33)
at steps.loginSteps.user_enter_valid_username(loginSteps.java:51)
at ✽.user enter valid username "standard_user"(file:///C:/Users/mhakim/Desktop/study/cucumber/src/test/resources/Feature/login.feature:17)
]]>
    </failure>
  </testcase> <!-- runScenario -->
</testsuite> <!-- Default test -->
