<?xml version="1.0" encoding="UTF-8"?>
<!-- Generated by org.testng.reporters.JUnitReportReporter -->
<testsuite hostname="mhakim" failures="0" tests="3" name="Runner.runner" time="24.976" errors="3" timestamp="2024-03-21T22:13:49 EET" skipped="0">
  <testcase classname="Runner.runner" name="runScenario" time="24.703">
    <error message="Cannot invoke &quot;org.openqa.selenium.WebElement.sendKeys(java.lang.CharSequence[])&quot; because &quot;this.userName&quot; is null" type="java.lang.NullPointerException">
      <![CDATA[java.lang.NullPointerException: Cannot invoke "org.openqa.selenium.WebElement.sendKeys(java.lang.CharSequence[])" because "this.userName" is null
at Pages.HomePage.Enter_username(HomePage.java:33)
at steps.loginSteps.enter_invalid_username(loginSteps.java:30)
at ✽.enter invalid username "standard_user"(file:///C:/Users/mhakim/Desktop/study/cucumber/src/test/resources/Feature/login.feature:7)
]]>
    </error>
  </testcase> <!-- runScenario -->
  <system-out/>
  <testcase classname="Runner.runner" name="runScenario" time="0.179">
    <error message="Cannot invoke &quot;org.openqa.selenium.WebDriver.findElement(org.openqa.selenium.By)&quot; because &quot;steps.Buy_ProductSteps.driver&quot; is null" type="java.lang.NullPointerException">
      <![CDATA[java.lang.NullPointerException: Cannot invoke "org.openqa.selenium.WebDriver.findElement(org.openqa.selenium.By)" because "steps.Buy_ProductSteps.driver" is null
at steps.Buy_ProductSteps.user_add_the_most_expensive_two_products_to_your_cart(Buy_ProductSteps.java:21)
at ✽.user Add the most expensive two products to your cart(file:///C:/Users/mhakim/Desktop/study/cucumber/src/test/resources/Feature/BuyProduct.feature:4)
]]>
    </error>
  </testcase> <!-- runScenario -->
  <system-out/>
  <testcase classname="Runner.runner" name="runScenario" time="0.094">
    <error message="Cannot invoke &quot;org.openqa.selenium.WebElement.sendKeys(java.lang.CharSequence[])&quot; because &quot;this.userName&quot; is null" type="java.lang.NullPointerException">
      <![CDATA[java.lang.NullPointerException: Cannot invoke "org.openqa.selenium.WebElement.sendKeys(java.lang.CharSequence[])" because "this.userName" is null
at Pages.HomePage.Enter_username(HomePage.java:33)
at steps.loginSteps.user_enter_valid_username(loginSteps.java:51)
at ✽.user enter valid username "standard_user"(file:///C:/Users/mhakim/Desktop/study/cucumber/src/test/resources/Feature/login.feature:17)
]]>
    </error>
  </testcase> <!-- runScenario -->
  <system-out/>
</testsuite> <!-- Runner.runner -->
